<?xml version="1.0" encoding="UTF-8"?>
<!-- Generated by org.testng.reporters.JUnitReportReporter -->
<testsuite hostname="DESKTOP-C39IE4K" name="testcases.TestPublicAPI2" tests="1" failures="0" timestamp="12 Mar 2021 16:16:04 GMT" time="4.528" errors="0">
  <testcase name="verifyContent" time="4.528" classname="testcases.TestPublicAPI2"/>
</testsuite> <!-- testcases.TestPublicAPI2 -->
