<?xml version="1.0" encoding="UTF-8"?>
<!-- Generated by org.testng.reporters.JUnitReportReporter -->
<testsuite hostname="DESKTOP-C39IE4K" name="testcases.TestPublicAPI" tests="2" failures="0" timestamp="12 Mar 2021 16:23:44 GMT" time="3.442" errors="0">
  <testcase name="verifyStatus" time="0.696" classname="testcases.TestPublicAPI"/>
  <testcase name="verifyContent" time="2.746" classname="testcases.TestPublicAPI"/>
</testsuite> <!-- testcases.TestPublicAPI -->
