<?xml version="1.0" encoding="UTF-8"?>
<!-- Generated by org.testng.reporters.JUnitReportReporter -->
<testsuite hostname="DESKTOP-C39IE4K" name="Implementation.TestPublicAPI" tests="1" failures="0" timestamp="12 Mar 2021 17:29:50 GMT" time="3.274" errors="0">
  <testcase name="verifyContent" time="3.274" classname="Implementation.TestPublicAPI"/>
</testsuite> <!-- Implementation.TestPublicAPI -->
